!SESSION 2024-05-07 12:37:14.490 -----------------------------------------------
eclipse.buildId=unknown
java.version=11.0.21
java.vendor=Oracle Corporation
BootLoader constants: OS=win32, ARCH=x86_64, WS=win32, NL=en_US

!ENTRY org.eclipse.osgi 4 0 2024-05-07 12:37:14.514
!MESSAGE The -clean (osgi.clean) option was not successful. Unable to clean the storage area: C:\Users\deepak.agrawal\Provar\Workspace1\Traning1\.provarCaches\configuration\sf\org.eclipse.osgi
!SESSION 2024-05-07 12:37:20.412 -----------------------------------------------
eclipse.buildId=unknown
java.version=11.0.21
java.vendor=Oracle Corporation
BootLoader constants: OS=win32, ARCH=x86_64, WS=win32, NL=en_US

!ENTRY org.eclipse.update.configurator 4 0 2024-05-07 12:37:20.412
!MESSAGE Could not rename configuration temp file

!ENTRY org.eclipse.update.configurator 4 0 2024-05-07 12:37:20.456
!MESSAGE Unable to save configuration file "C:\Users\deepak.agrawal\Provar\Workspace1\Traning1\.provarCaches\configuration\sf\org.eclipse.update\platform.xml.tmp"
!STACK 0
java.io.IOException: Unable to save configuration file "C:\Users\deepak.agrawal\Provar\Workspace1\Traning1\.provarCaches\configuration\sf\org.eclipse.update\platform.xml.tmp"
	at org.eclipse.update.internal.configurator.PlatformConfiguration.save(PlatformConfiguration.java:589)
	at org.eclipse.update.internal.configurator.PlatformConfiguration.save(PlatformConfiguration.java:488)
	at org.eclipse.update.internal.configurator.PlatformConfiguration.startup(PlatformConfiguration.java:613)
	at org.eclipse.update.internal.configurator.ConfigurationActivator.getPlatformConfiguration(ConfigurationActivator.java:121)
	at org.eclipse.update.internal.configurator.ConfigurationActivator.initialize(ConfigurationActivator.java:94)
	at org.eclipse.update.internal.configurator.ConfigurationActivator.start(ConfigurationActivator.java:69)
	at org.eclipse.osgi.internal.framework.BundleContextImpl$2.run(BundleContextImpl.java:818)
	at org.eclipse.osgi.internal.framework.BundleContextImpl$2.run(BundleContextImpl.java:1)
	at java.base/java.security.AccessController.doPrivileged(Native Method)
	at org.eclipse.osgi.internal.framework.BundleContextImpl.startActivator(BundleContextImpl.java:810)
	at org.eclipse.osgi.internal.framework.BundleContextImpl.start(BundleContextImpl.java:767)
	at org.eclipse.osgi.internal.framework.EquinoxBundle.startWorker0(EquinoxBundle.java:1032)
	at org.eclipse.osgi.internal.framework.EquinoxBundle$EquinoxModule.startWorker(EquinoxBundle.java:371)
	at org.eclipse.osgi.container.Module.doStart(Module.java:605)
	at org.eclipse.osgi.container.Module.start(Module.java:468)
	at org.eclipse.osgi.internal.framework.EquinoxBundle.start(EquinoxBundle.java:445)
	at org.eclipse.osgi.internal.framework.EquinoxBundle.start(EquinoxBundle.java:464)
	at com.provar.core.testexecution.container.java.LocalTestExecutionContainerRunner.startBundles(LocalTestExecutionContainerRunner.java:1818)
	at com.provar.core.testexecution.container.java.LocalTestExecutionContainerRunner.doConfigure(LocalTestExecutionContainerRunner.java:457)
	at com.provar.core.testexecution.container.java.LocalTestExecutionContainerRunner$MessageProcessor.run(LocalTestExecutionContainerRunner.java:1410)
