[17352:21028:0510/165236.387:WARNING:chrome_main_delegate.cc(750)] This is Chrome version 124.0.6367.119 (not a warning)
[17352:21028:0510/165236.395:WARNING:chrome_command_line_pref_store.cc(121)] Additional command-line proxy switches specified when --no-proxy-server was also specified.
[17352:21028:0510/165236.397:WARNING:chrome_command_line_pref_store.cc(121)] Additional command-line proxy switches specified when --no-proxy-server was also specified.
[17352:21028:0510/165236.444:INFO:chrome_browser_cloud_management_controller.cc(168)] Starting CBCM Controller Initialization
[17352:21028:0510/165236.444:INFO:chrome_browser_cloud_management_controller.cc(196)] No machine level policy manager exists.
[17352:21028:0510/165236.450:WARNING:chrome_command_line_pref_store.cc(121)] Additional command-line proxy switches specified when --no-proxy-server was also specified.
[17352:21028:0510/165236.470:WARNING:browser_management_service.cc(128)] EnterpriseLogoUrl fetch failed with error code -1 and MIME type 
[21084:15276:0510/165236.602:INFO:cpu_info.cc(53)] Available number of cores: 8
[21084:15276:0510/165236.605:WARNING:runtime_features.cc(730)] AttributionReportingCrossAppWeb cannot be enabled in this configuration. Use --enable-features=ConversionMeasurement,AttributionReportingCrossAppWeb in addition.
[2700:29844:0510/165236.630:INFO:cpu_info.cc(53)] Available number of cores: 8
[2700:29844:0510/165236.633:WARNING:runtime_features.cc(730)] AttributionReportingCrossAppWeb cannot be enabled in this configuration. Use --enable-features=ConversionMeasurement,AttributionReportingCrossAppWeb in addition.
[18660:24344:0510/165237.269:INFO:cpu_info.cc(53)] Available number of cores: 8
[18660:24344:0510/165237.274:WARNING:runtime_features.cc(730)] AttributionReportingCrossAppWeb cannot be enabled in this configuration. Use --enable-features=ConversionMeasurement,AttributionReportingCrossAppWeb in addition.
[28368:21468:0510/165238.144:INFO:cpu_info.cc(53)] Available number of cores: 8
[28368:21468:0510/165238.145:WARNING:runtime_features.cc(730)] AttributionReportingCrossAppWeb cannot be enabled in this configuration. Use --enable-features=ConversionMeasurement,AttributionReportingCrossAppWeb in addition.
[43364:46840:0510/165238.216:INFO:cpu_info.cc(53)] Available number of cores: 8
[43364:46840:0510/165238.218:WARNING:runtime_features.cc(730)] AttributionReportingCrossAppWeb cannot be enabled in this configuration. Use --enable-features=ConversionMeasurement,AttributionReportingCrossAppWeb in addition.
[3312:30732:0510/165240.939:INFO:cpu_info.cc(53)] Available number of cores: 8
[3312:30732:0510/165240.943:WARNING:runtime_features.cc(730)] AttributionReportingCrossAppWeb cannot be enabled in this configuration. Use --enable-features=ConversionMeasurement,AttributionReportingCrossAppWeb in addition.
[17352:21028:0510/165240.976:INFO:CONSOLE(0)] "Third-party cookie will be blocked. Learn more in the Issues tab.", source: https://provar-9a-dev-ed.develop.file.force.com/secur/contentDoor?startURL=https%3A%2F%2Fprovar-9a-dev-ed.develop.my.salesforce.com%2Flightning%2Fapp%2F06m5j00000354z3AAA&sid=00D5j00000BbO4m%21ARIAQFcr2ee3fgoWuz4U8P8m9lMM_kwMjDI5oVa4R5PVoYAa3dqgbc7aI.2dIXb6.n6NhF0ZZweJSOdM9mc1EDYXzEUMDxuL&skipRedirect=1&lm=eyJlbmMiOiJBMjU2R0NNIiwiYXVkIjoiMDBENWowMDAwMEJiTzRtIiwia2lkIjoie1widFwiOlwiMDBENWowMDAwMEJiTzRtXCIsXCJ2XCI6XCIwMkc1ajAwMDAwMGxWaE1cIixcImFcIjpcImNvbnRlbnRkb29ydXNlcnRyYW5zaWVudGtleWVuY3J5cHRcIixcInVcIjpcIjAwNTVqMDAwMDA4Q3ZMM1wifSIsImNyaXQiOlsiaWF0Il0sImlhdCI6MTcxNTM0MDE1OTcxNCwiZXhwIjowfQ%3D%3D..jj_hvjW2SWWvxLXP.rwHdOwQwKb-3mMLSjPZa8Q%3D%3D.vi2gWa49yF-JKAFgVaaJnA%3D%3D (0)
[17352:21028:0510/165240.976:INFO:CONSOLE(0)] "Third-party cookie will be blocked. Learn more in the Issues tab.", source: https://provar-9a-dev-ed.develop.file.force.com/secur/contentDoor?startURL=https%3A%2F%2Fprovar-9a-dev-ed.develop.my.salesforce.com%2Flightning%2Fapp%2F06m5j00000354z3AAA&sid=00D5j00000BbO4m%21ARIAQFcr2ee3fgoWuz4U8P8m9lMM_kwMjDI5oVa4R5PVoYAa3dqgbc7aI.2dIXb6.n6NhF0ZZweJSOdM9mc1EDYXzEUMDxuL&skipRedirect=1&lm=eyJlbmMiOiJBMjU2R0NNIiwiYXVkIjoiMDBENWowMDAwMEJiTzRtIiwia2lkIjoie1widFwiOlwiMDBENWowMDAwMEJiTzRtXCIsXCJ2XCI6XCIwMkc1ajAwMDAwMGxWaE1cIixcImFcIjpcImNvbnRlbnRkb29ydXNlcnRyYW5zaWVudGtleWVuY3J5cHRcIixcInVcIjpcIjAwNTVqMDAwMDA4Q3ZMM1wifSIsImNyaXQiOlsiaWF0Il0sImlhdCI6MTcxNTM0MDE1OTcxNCwiZXhwIjowfQ%3D%3D..jj_hvjW2SWWvxLXP.rwHdOwQwKb-3mMLSjPZa8Q%3D%3D.vi2gWa49yF-JKAFgVaaJnA%3D%3D (0)
[17352:21028:0510/165240.976:INFO:CONSOLE(0)] "Third-party cookie will be blocked. Learn more in the Issues tab.", source: https://provar-9a-dev-ed.develop.file.force.com/secur/contentDoor?startURL=https%3A%2F%2Fprovar-9a-dev-ed.develop.my.salesforce.com%2Flightning%2Fapp%2F06m5j00000354z3AAA&sid=00D5j00000BbO4m%21ARIAQFcr2ee3fgoWuz4U8P8m9lMM_kwMjDI5oVa4R5PVoYAa3dqgbc7aI.2dIXb6.n6NhF0ZZweJSOdM9mc1EDYXzEUMDxuL&skipRedirect=1&lm=eyJlbmMiOiJBMjU2R0NNIiwiYXVkIjoiMDBENWowMDAwMEJiTzRtIiwia2lkIjoie1widFwiOlwiMDBENWowMDAwMEJiTzRtXCIsXCJ2XCI6XCIwMkc1ajAwMDAwMGxWaE1cIixcImFcIjpcImNvbnRlbnRkb29ydXNlcnRyYW5zaWVudGtleWVuY3J5cHRcIixcInVcIjpcIjAwNTVqMDAwMDA4Q3ZMM1wifSIsImNyaXQiOlsiaWF0Il0sImlhdCI6MTcxNTM0MDE1OTcxNCwiZXhwIjowfQ%3D%3D..jj_hvjW2SWWvxLXP.rwHdOwQwKb-3mMLSjPZa8Q%3D%3D.vi2gWa49yF-JKAFgVaaJnA%3D%3D (0)
[17352:21028:0510/165240.976:INFO:CONSOLE(0)] "Third-party cookie will be blocked. Learn more in the Issues tab.", source: https://provar-9a-dev-ed.develop.file.force.com/secur/contentDoor?startURL=https%3A%2F%2Fprovar-9a-dev-ed.develop.my.salesforce.com%2Flightning%2Fapp%2F06m5j00000354z3AAA&sid=00D5j00000BbO4m%21ARIAQFcr2ee3fgoWuz4U8P8m9lMM_kwMjDI5oVa4R5PVoYAa3dqgbc7aI.2dIXb6.n6NhF0ZZweJSOdM9mc1EDYXzEUMDxuL&skipRedirect=1&lm=eyJlbmMiOiJBMjU2R0NNIiwiYXVkIjoiMDBENWowMDAwMEJiTzRtIiwia2lkIjoie1widFwiOlwiMDBENWowMDAwMEJiTzRtXCIsXCJ2XCI6XCIwMkc1ajAwMDAwMGxWaE1cIixcImFcIjpcImNvbnRlbnRkb29ydXNlcnRyYW5zaWVudGtleWVuY3J5cHRcIixcInVcIjpcIjAwNTVqMDAwMDA4Q3ZMM1wifSIsImNyaXQiOlsiaWF0Il0sImlhdCI6MTcxNTM0MDE1OTcxNCwiZXhwIjowfQ%3D%3D..jj_hvjW2SWWvxLXP.rwHdOwQwKb-3mMLSjPZa8Q%3D%3D.vi2gWa49yF-JKAFgVaaJnA%3D%3D (0)
[17352:21028:0510/165240.976:INFO:CONSOLE(0)] "Third-party cookie will be blocked. Learn more in the Issues tab.", source: https://provar-9a-dev-ed.develop.file.force.com/secur/contentDoor?startURL=https%3A%2F%2Fprovar-9a-dev-ed.develop.my.salesforce.com%2Flightning%2Fapp%2F06m5j00000354z3AAA&sid=00D5j00000BbO4m%21ARIAQFcr2ee3fgoWuz4U8P8m9lMM_kwMjDI5oVa4R5PVoYAa3dqgbc7aI.2dIXb6.n6NhF0ZZweJSOdM9mc1EDYXzEUMDxuL&skipRedirect=1&lm=eyJlbmMiOiJBMjU2R0NNIiwiYXVkIjoiMDBENWowMDAwMEJiTzRtIiwia2lkIjoie1widFwiOlwiMDBENWowMDAwMEJiTzRtXCIsXCJ2XCI6XCIwMkc1ajAwMDAwMGxWaE1cIixcImFcIjpcImNvbnRlbnRkb29ydXNlcnRyYW5zaWVudGtleWVuY3J5cHRcIixcInVcIjpcIjAwNTVqMDAwMDA4Q3ZMM1wifSIsImNyaXQiOlsiaWF0Il0sImlhdCI6MTcxNTM0MDE1OTcxNCwiZXhwIjowfQ%3D%3D..jj_hvjW2SWWvxLXP.rwHdOwQwKb-3mMLSjPZa8Q%3D%3D.vi2gWa49yF-JKAFgVaaJnA%3D%3D (0)
[17352:21028:0510/165240.976:INFO:CONSOLE(0)] "Third-party cookie will be blocked. Learn more in the Issues tab.", source: https://provar-9a-dev-ed.develop.file.force.com/secur/contentDoor?startURL=https%3A%2F%2Fprovar-9a-dev-ed.develop.my.salesforce.com%2Flightning%2Fapp%2F06m5j00000354z3AAA&sid=00D5j00000BbO4m%21ARIAQFcr2ee3fgoWuz4U8P8m9lMM_kwMjDI5oVa4R5PVoYAa3dqgbc7aI.2dIXb6.n6NhF0ZZweJSOdM9mc1EDYXzEUMDxuL&skipRedirect=1&lm=eyJlbmMiOiJBMjU2R0NNIiwiYXVkIjoiMDBENWowMDAwMEJiTzRtIiwia2lkIjoie1widFwiOlwiMDBENWowMDAwMEJiTzRtXCIsXCJ2XCI6XCIwMkc1ajAwMDAwMGxWaE1cIixcImFcIjpcImNvbnRlbnRkb29ydXNlcnRyYW5zaWVudGtleWVuY3J5cHRcIixcInVcIjpcIjAwNTVqMDAwMDA4Q3ZMM1wifSIsImNyaXQiOlsiaWF0Il0sImlhdCI6MTcxNTM0MDE1OTcxNCwiZXhwIjowfQ%3D%3D..jj_hvjW2SWWvxLXP.rwHdOwQwKb-3mMLSjPZa8Q%3D%3D.vi2gWa49yF-JKAFgVaaJnA%3D%3D (0)
[17352:21028:0510/165240.976:INFO:CONSOLE(0)] "Third-party cookie will be blocked. Learn more in the Issues tab.", source: https://provar-9a-dev-ed.develop.file.force.com/secur/contentDoor?startURL=https%3A%2F%2Fprovar-9a-dev-ed.develop.my.salesforce.com%2Flightning%2Fapp%2F06m5j00000354z3AAA&sid=00D5j00000BbO4m%21ARIAQFcr2ee3fgoWuz4U8P8m9lMM_kwMjDI5oVa4R5PVoYAa3dqgbc7aI.2dIXb6.n6NhF0ZZweJSOdM9mc1EDYXzEUMDxuL&skipRedirect=1&lm=eyJlbmMiOiJBMjU2R0NNIiwiYXVkIjoiMDBENWowMDAwMEJiTzRtIiwia2lkIjoie1widFwiOlwiMDBENWowMDAwMEJiTzRtXCIsXCJ2XCI6XCIwMkc1ajAwMDAwMGxWaE1cIixcImFcIjpcImNvbnRlbnRkb29ydXNlcnRyYW5zaWVudGtleWVuY3J5cHRcIixcInVcIjpcIjAwNTVqMDAwMDA4Q3ZMM1wifSIsImNyaXQiOlsiaWF0Il0sImlhdCI6MTcxNTM0MDE1OTcxNCwiZXhwIjowfQ%3D%3D..jj_hvjW2SWWvxLXP.rwHdOwQwKb-3mMLSjPZa8Q%3D%3D.vi2gWa49yF-JKAFgVaaJnA%3D%3D (0)
[17352:21028:0510/165240.976:INFO:CONSOLE(0)] "Third-party cookie will be blocked. Learn more in the Issues tab.", source: https://provar-9a-dev-ed.develop.file.force.com/secur/contentDoor?startURL=https%3A%2F%2Fprovar-9a-dev-ed.develop.my.salesforce.com%2Flightning%2Fapp%2F06m5j00000354z3AAA&sid=00D5j00000BbO4m%21ARIAQFcr2ee3fgoWuz4U8P8m9lMM_kwMjDI5oVa4R5PVoYAa3dqgbc7aI.2dIXb6.n6NhF0ZZweJSOdM9mc1EDYXzEUMDxuL&skipRedirect=1&lm=eyJlbmMiOiJBMjU2R0NNIiwiYXVkIjoiMDBENWowMDAwMEJiTzRtIiwia2lkIjoie1widFwiOlwiMDBENWowMDAwMEJiTzRtXCIsXCJ2XCI6XCIwMkc1ajAwMDAwMGxWaE1cIixcImFcIjpcImNvbnRlbnRkb29ydXNlcnRyYW5zaWVudGtleWVuY3J5cHRcIixcInVcIjpcIjAwNTVqMDAwMDA4Q3ZMM1wifSIsImNyaXQiOlsiaWF0Il0sImlhdCI6MTcxNTM0MDE1OTcxNCwiZXhwIjowfQ%3D%3D..jj_hvjW2SWWvxLXP.rwHdOwQwKb-3mMLSjPZa8Q%3D%3D.vi2gWa49yF-JKAFgVaaJnA%3D%3D (0)
[17352:21028:0510/165240.976:INFO:CONSOLE(0)] "Third-party cookie will be blocked. Learn more in the Issues tab.", source: https://provar-9a-dev-ed.develop.file.force.com/secur/contentDoor?startURL=https%3A%2F%2Fprovar-9a-dev-ed.develop.my.salesforce.com%2Flightning%2Fapp%2F06m5j00000354z3AAA&sid=00D5j00000BbO4m%21ARIAQFcr2ee3fgoWuz4U8P8m9lMM_kwMjDI5oVa4R5PVoYAa3dqgbc7aI.2dIXb6.n6NhF0ZZweJSOdM9mc1EDYXzEUMDxuL&skipRedirect=1&lm=eyJlbmMiOiJBMjU2R0NNIiwiYXVkIjoiMDBENWowMDAwMEJiTzRtIiwia2lkIjoie1widFwiOlwiMDBENWowMDAwMEJiTzRtXCIsXCJ2XCI6XCIwMkc1ajAwMDAwMGxWaE1cIixcImFcIjpcImNvbnRlbnRkb29ydXNlcnRyYW5zaWVudGtleWVuY3J5cHRcIixcInVcIjpcIjAwNTVqMDAwMDA4Q3ZMM1wifSIsImNyaXQiOlsiaWF0Il0sImlhdCI6MTcxNTM0MDE1OTcxNCwiZXhwIjowfQ%3D%3D..jj_hvjW2SWWvxLXP.rwHdOwQwKb-3mMLSjPZa8Q%3D%3D.vi2gWa49yF-JKAFgVaaJnA%3D%3D (0)
[17352:21028:0510/165240.976:INFO:CONSOLE(0)] "Third-party cookie will be blocked. Learn more in the Issues tab.", source: https://provar-9a-dev-ed.develop.file.force.com/secur/contentDoor?startURL=https%3A%2F%2Fprovar-9a-dev-ed.develop.my.salesforce.com%2Flightning%2Fapp%2F06m5j00000354z3AAA&sid=00D5j00000BbO4m%21ARIAQFcr2ee3fgoWuz4U8P8m9lMM_kwMjDI5oVa4R5PVoYAa3dqgbc7aI.2dIXb6.n6NhF0ZZweJSOdM9mc1EDYXzEUMDxuL&skipRedirect=1&lm=eyJlbmMiOiJBMjU2R0NNIiwiYXVkIjoiMDBENWowMDAwMEJiTzRtIiwia2lkIjoie1widFwiOlwiMDBENWowMDAwMEJiTzRtXCIsXCJ2XCI6XCIwMkc1ajAwMDAwMGxWaE1cIixcImFcIjpcImNvbnRlbnRkb29ydXNlcnRyYW5zaWVudGtleWVuY3J5cHRcIixcInVcIjpcIjAwNTVqMDAwMDA4Q3ZMM1wifSIsImNyaXQiOlsiaWF0Il0sImlhdCI6MTcxNTM0MDE1OTcxNCwiZXhwIjowfQ%3D%3D..jj_hvjW2SWWvxLXP.rwHdOwQwKb-3mMLSjPZa8Q%3D%3D.vi2gWa49yF-JKAFgVaaJnA%3D%3D (0)
[17352:21028:0510/165240.976:INFO:CONSOLE(0)] "Third-party cookie will be blocked. Learn more in the Issues tab.", source: https://provar-9a-dev-ed.develop.file.force.com/secur/contentDoor?startURL=https%3A%2F%2Fprovar-9a-dev-ed.develop.my.salesforce.com%2Flightning%2Fapp%2F06m5j00000354z3AAA&sid=00D5j00000BbO4m%21ARIAQFcr2ee3fgoWuz4U8P8m9lMM_kwMjDI5oVa4R5PVoYAa3dqgbc7aI.2dIXb6.n6NhF0ZZweJSOdM9mc1EDYXzEUMDxuL&skipRedirect=1&lm=eyJlbmMiOiJBMjU2R0NNIiwiYXVkIjoiMDBENWowMDAwMEJiTzRtIiwia2lkIjoie1widFwiOlwiMDBENWowMDAwMEJiTzRtXCIsXCJ2XCI6XCIwMkc1ajAwMDAwMGxWaE1cIixcImFcIjpcImNvbnRlbnRkb29ydXNlcnRyYW5zaWVudGtleWVuY3J5cHRcIixcInVcIjpcIjAwNTVqMDAwMDA4Q3ZMM1wifSIsImNyaXQiOlsiaWF0Il0sImlhdCI6MTcxNTM0MDE1OTcxNCwiZXhwIjowfQ%3D%3D..jj_hvjW2SWWvxLXP.rwHdOwQwKb-3mMLSjPZa8Q%3D%3D.vi2gWa49yF-JKAFgVaaJnA%3D%3D (0)
[17352:21028:0510/165243.343:INFO:CONSOLE(1)] "ComponentProfiler: Component-level profiling has not been enabled because "componentProfiler.instrumentation.ltng" gate is not open.", source: https://provar-9a-dev-ed.develop.lightning.force.com/components/instrumentation/componentProfiler.js (1)
[17352:21028:0510/165244.045:INFO:CONSOLE(4)] "empApi setting initialized true for : undefined", source: https://provar-9a-dev-ed.develop.lightning.force.com/components/force/empApi.js (4)
[17352:21028:0510/165245.775:INFO:CONSOLE(44)] "[object Object]", source: https://provar-9a-dev-ed.develop.lightning.force.com/libraries/instrumentation/beaconLib.BeaconLibrary.js (44)
[17352:21028:0510/165246.890:INFO:CONSOLE(1)] "ComponentProfiler: Component-level profiling has not been enabled because "componentProfiler.instrumentation.ltng" gate is not open.", source: https://provar-9a-dev-ed.develop.lightning.force.com/components/instrumentation/componentProfiler.js (1)
[17352:21028:0510/165247.438:INFO:CONSOLE(4)] "empApi setting initialized true for : undefined", source: https://provar-9a-dev-ed.develop.lightning.force.com/components/force/empApi.js (4)
[17352:21028:0510/165250.725:INFO:CONSOLE(1)] "<lightning-spinner> The alternativeText attribute should not be empty. Please add a description of what is causing the wait.", source: https://provar-9a-dev-ed.develop.lightning.force.com/components/lightning/spinner.js (1)
[17352:21028:0510/165251.827:INFO:CONSOLE(44)] "[object Object]", source: https://provar-9a-dev-ed.develop.lightning.force.com/libraries/instrumentation/beaconLib.BeaconLibrary.js (44)
[17352:21028:0510/165256.348:WARNING:capture_device_ranking.h(255)] Can't initialize the value of media.audio_input.user_preference_ranking because media.default_audio_capture_device isn't registered or is empty
[17352:21028:0510/165256.348:WARNING:capture_device_ranking.h(255)] Can't initialize the value of media.video_input.user_preference_ranking because media.default_video_capture_Device isn't registered or is empty
[17352:21028:0510/165256.928:INFO:CONSOLE(1535)] "[object HTMLDivElement]", source:  (1535)
[17352:21028:0510/165301.579:INFO:CONSOLE(1535)] "[object HTMLElement],[object HTMLElement],[object HTMLElement],[object HTMLElement]", source:  (1535)
[17352:21028:0510/165302.492:INFO:CONSOLE(1535)] "[object HTMLSpanElement]", source:  (1535)
[17352:21028:0510/165304.561:INFO:CONSOLE(44)] "[object Object]", source: https://provar-9a-dev-ed.develop.lightning.force.com/libraries/instrumentation/beaconLib.BeaconLibrary.js (44)
[17352:21028:0510/165311.647:INFO:CONSOLE(1535)] "[object HTMLDivElement]", source:  (1535)
[17352:21028:0510/165311.815:INFO:CONSOLE(1535)] "[object HTMLDivElement]", source:  (1535)
[17352:21028:0510/165311.881:INFO:CONSOLE(1535)] "[object HTMLDivElement]", source:  (1535)
[17352:21028:0510/165312.041:INFO:CONSOLE(1535)] "[object HTMLDivElement]", source:  (1535)
[17352:21028:0510/165312.782:INFO:CONSOLE(1535)] "[object HTMLDivElement]", source:  (1535)
[17352:21028:0510/165312.841:INFO:CONSOLE(1535)] "[object HTMLElement]", source:  (1535)
[17352:21028:0510/165314.015:INFO:CONSOLE(1535)] "[object HTMLDivElement]", source:  (1535)
[17352:21028:0510/165314.177:INFO:CONSOLE(1535)] "[object HTMLDivElement]", source:  (1535)
[17352:21028:0510/165314.246:INFO:CONSOLE(1535)] "[object HTMLDivElement]", source:  (1535)
[17352:21028:0510/165314.434:INFO:CONSOLE(1535)] "[object HTMLDivElement]", source:  (1535)
[17352:21028:0510/165316.348:INFO:CONSOLE(1535)] "[object HTMLDivElement]", source:  (1535)
[17352:21028:0510/165316.409:INFO:CONSOLE(1535)] "[object HTMLDivElement]", source:  (1535)
[17352:21028:0510/165317.265:INFO:CONSOLE(1)] "Toast: please provide at least the "label" property to show the toast", source: https://provar-9a-dev-ed.develop.lightning.force.com/components/lightning/showToastEvent.js (1)
[17352:21028:0510/165317.687:INFO:CONSOLE(1)] "<lightning-spinner> The alternativeText attribute should not be empty. Please add a description of what is causing the wait.", source: https://provar-9a-dev-ed.develop.lightning.force.com/components/lightning/spinner.js (1)
[17352:21028:0510/165317.688:INFO:CONSOLE(1)] "<lightning-spinner> The alternativeText attribute should not be empty. Please add a description of what is causing the wait.", source: https://provar-9a-dev-ed.develop.lightning.force.com/components/lightning/spinner.js (1)
[17352:21028:0510/165317.690:INFO:CONSOLE(1)] "<lightning-spinner> The alternativeText attribute should not be empty. Please add a description of what is causing the wait.", source: https://provar-9a-dev-ed.develop.lightning.force.com/components/lightning/spinner.js (1)
[17352:21028:0510/165318.643:INFO:CONSOLE(44)] "[object Object]", source: https://provar-9a-dev-ed.develop.lightning.force.com/libraries/instrumentation/beaconLib.BeaconLibrary.js (44)
[23496:13768:0510/165320.763:INFO:cpu_info.cc(53)] Available number of cores: 8
[23496:13768:0510/165320.764:WARNING:runtime_features.cc(730)] AttributionReportingCrossAppWeb cannot be enabled in this configuration. Use --enable-features=ConversionMeasurement,AttributionReportingCrossAppWeb in addition.
[16864:45124:0510/165320.823:INFO:cpu_info.cc(53)] Available number of cores: 8
[16864:45124:0510/165320.827:WARNING:runtime_features.cc(730)] AttributionReportingCrossAppWeb cannot be enabled in this configuration. Use --enable-features=ConversionMeasurement,AttributionReportingCrossAppWeb in addition.
[17352:21028:0510/165321.425:INFO:CONSOLE(0)] "An iframe which has both allow-scripts and allow-same-origin for its sandbox attribute can escape its sandboxing.", source: https://provar-9a-dev-ed.develop.my.salesforce.com/s.gif (0)
[17352:21028:0510/165321.584:INFO:CONSOLE(1)] "Could not load taxonomy information for the current page due server status", source: https://www.salesforce.com/etc/clientlibs/sfdc-aem-master/clientlibs_www_tags.min.js (1)
[17352:21028:0510/165321.791:INFO:CONSOLE(1)] "Failed to retrive resource /wbin/www-core/f/g", source: https://www.salesforce.com/etc.bundles/sfdc-www/bundles/webpack-script-manifest-commonlyUsed-js.bundle.aeac5e4cae51f129defa.js (1)
[17352:21028:0510/165322.009:WARNING:capture_device_ranking.h(255)] Can't initialize the value of media.audio_input.user_preference_ranking because media.default_audio_capture_device isn't registered or is empty
[17352:21028:0510/165322.009:WARNING:capture_device_ranking.h(255)] Can't initialize the value of media.video_input.user_preference_ranking because media.default_video_capture_Device isn't registered or is empty
[19596:30808:0510/165323.486:WARNING:spdy_session.cc(2980)] Received HEADERS for invalid stream 1
[19596:36300:0510/165323.531:WARNING:sqlite_persistent_store_backend_base.cc(198)] Failed to post task from FlushAndNotifyInBackground@net\extras\sqlite\sqlite_persistent_store_backend_base.cc:247 to client_task_runner_.
